<?xml version="1.0" encoding="UTF-8"?>
<!-- Generated by org.testng.reporters.JUnitXMLReporter -->
<testsuite ignored="0" hostname="WKWIN9921138" failures="0" tests="3" name="ChromeTest" time="65.923" errors="0" timestamp="29 May 2018 06:02:44 GMT">
  <testcase classname="TestCases.SearchTest" name="Search" time="7.472"/>
  <testcase classname="TestCases.SearchTest" name="Search" time="16.374"/>
  <testcase classname="TestCases.SearchTest" name="Search" time="30.792"/>
</testsuite> <!-- ChromeTest -->
