<?xml version="1.0" encoding="UTF-8"?>
<!-- Generated by org.testng.reporters.JUnitXMLReporter -->
<testsuite ignored="0" hostname="WKWIN9921138" failures="1" tests="3" name="IETest" time="232.445" errors="0" timestamp="18 May 2018 10:16:21 GMT">
  <testcase classname="TestCases.SearchTest" name="Search" time="38.064">
    <failure type="java.lang.NullPointerException">
      <![CDATA[java.lang.NullPointerException
at PageObjects.SapientHomePage.AboutDetails(SapientHomePage.java:38)
at TestCases.SearchTest.Search(SearchTest.java:115)
... Removed 25 stack frames]]>
    </failure>
  </testcase> <!-- Search -->
  <testcase classname="TestCases.SearchTest" name="Search" time="80.764"/>
  <testcase classname="TestCases.SearchTest" name="Search" time="108.009"/>
</testsuite> <!-- IETest -->
